#
# A fatal error has been detected by the Java Runtime Environment:
#
#  Internal Error (os_windows_x86.cpp:114), pid=4872, tid=6528
#  Error: guarantee(result == -1,"Unexpected result from topLevelExceptionFilter")
#
# JRE version: 6.0_17-b04
# Java VM: Java HotSpot(TM) 64-Bit Server VM (14.3-b01 mixed mode windows-amd64 )
# If you would like to submit a bug report, please visit:
#   http://java.sun.com/webapps/bugreport/crash.jsp
# The crash happened outside the Java Virtual Machine in native code.
# See problematic frame for where to report the bug.
#

---------------  T H R E A D  ---------------

Current thread (0x00000000053bf800):  JavaThread "main" [_thread_in_native, id=6528, stack(0x00000000000b0000,0x00000000040b0000)]

Stack: [0x00000000000b0000,0x00000000040b0000]
[error occurred during error reporting (printing stack bounds), id 0xc0000005]

Java frames: (J=compiled Java code, j=interpreted, Vv=VM code)
J  com.mathworks.jmi.NativeMatlab.ProcessPendingEvents()Z
j  com.mathworks.jmi.NativeMatlab.processPendingEvents()Z+8
j  com.mathworks.jmi.Matlab$ProcessPendingEvents.callBooleanMethod(Ljava/lang/Object;)Z+0
j  com.mathworks.util.FactoryUtils.processPendingEvents()Z+12
j  com.mathworks.widgets.desk.Desktop.canClose()Z+38
j  com.mathworks.mde.desk.MLDesktop.canClose()Z+113
j  com.mathworks.mde.desk.MLDesktop$2.call()Ljava/lang/Boolean;+4
j  com.mathworks.mde.desk.MLDesktop$2.call()Ljava/lang/Object;+1
j  com.mathworks.jmi.Matlab.isOkToExit()Z+54
v  ~StubRoutines::call_stub
j  com.mathworks.jmi.NativeMatlab.SendMatlabMessage(Ljava/lang/Object;)Ljava/lang/Object;+0
j  com.mathworks.jmi.NativeMatlab.sendMatlabMessage(Ljava/lang/Object;)Ljava/lang/Object;+22
j  com.mathworks.jmi.MatlabLooper.sendMatlabMessage(Lcom/mathworks/services/message/MWMessage;)Ljava/lang/Object;+20
j  com.mathworks.jmi.Matlab.mtFevalConsoleOutput(Ljava/lang/String;[Ljava/lang/Object;I)Ljava/lang/Object;+58
j  com.mathworks.mde.desk.MLDesktop$9.run()V+14
j  com.mathworks.jmi.NativeMatlab.dispatchMTRequests(Z)V+57
v  ~StubRoutines::call_stub

---------------  P R O C E S S  ---------------

Java Threads: ( => current thread )
  0x000000006b3b7000 JavaThread "Timer-1768" [_thread_blocked, id=9848, stack(0x0000000064f50000,0x0000000064fd0000)]
  0x000000006b3b2000 JavaThread "Image Fetcher 0" daemon [_thread_blocked, id=9992, stack(0x00000000651a0000,0x0000000065220000)]
  0x000000006b3b5800 JavaThread "pool-8-thread-1" [_thread_blocked, id=9952, stack(0x0000000062de0000,0x0000000062e60000)]
  0x000000000ef9d800 JavaThread "Code Analyzer updating thread" [_thread_blocked, id=3716, stack(0x000000005cf60000,0x000000005cfe0000)]
  0x000000000ef9a800 JavaThread "Code Analyzer updating thread" [_thread_blocked, id=9316, stack(0x00000000630f0000,0x0000000063170000)]
  0x000000000ef9e000 JavaThread "Explorer NavigationContext request queue" [_thread_blocked, id=6700, stack(0x000000005cfe0000,0x000000005d060000)]
  0x000000006b3b8800 JavaThread "Foxtrot Multi Worker Thread Runner #1" daemon [_thread_blocked, id=6316, stack(0x0000000048820000,0x00000000488a0000)]
  0x000000006b3b5000 JavaThread "Prefs Updater" daemon [_thread_blocked, id=4740, stack(0x00000000290f0000,0x0000000029170000)]
  0x000000000efa7800 JavaThread "Code Analyzer updating thread" [_thread_blocked, id=7836, stack(0x0000000063060000,0x00000000630e0000)]
  0x000000000efa6800 JavaThread "Code Analyzer updating thread" [_thread_blocked, id=8120, stack(0x000000005dcf0000,0x000000005dd70000)]
  0x000000000efa6000 JavaThread "Code Analyzer updating thread" [_thread_blocked, id=6672, stack(0x0000000062f60000,0x0000000062fe0000)]
  0x000000000efa5000 JavaThread "Code Analyzer updating thread" [_thread_blocked, id=8092, stack(0x0000000062ea0000,0x0000000062f20000)]
  0x000000000efa4800 JavaThread "Code Analyzer updating thread" [_thread_blocked, id=2020, stack(0x000000005dac0000,0x000000005db40000)]
  0x000000000efa4000 JavaThread "Code Analyzer updating thread" [_thread_blocked, id=7772, stack(0x000000005df10000,0x000000005df90000)]
  0x000000000efa3000 JavaThread "Code Analyzer updating thread" [_thread_blocked, id=7188, stack(0x000000005d8e0000,0x000000005d960000)]
  0x000000000efa2800 JavaThread "Code Analyzer updating thread" [_thread_blocked, id=4360, stack(0x000000005de40000,0x000000005dec0000)]
  0x000000000efa1800 JavaThread "Active Reference Queue Daemon" daemon [_thread_blocked, id=2376, stack(0x000000005dd80000,0x000000005de00000)]
  0x000000000ef9f800 JavaThread "Timer-9" daemon [_thread_blocked, id=3696, stack(0x0000000054d40000,0x0000000054dc0000)]
  0x000000000efa0000 JavaThread "Timer-8" daemon [_thread_blocked, id=6032, stack(0x000000005d980000,0x000000005da00000)]
  0x000000000ef9c800 JavaThread "AddressBar directory emptiness poller" [_thread_blocked, id=6540, stack(0x000000005cea0000,0x000000005cf20000)]
  0x000000000ef9b000 JavaThread "Timer-1" [_thread_blocked, id=1348, stack(0x000000004c9c0000,0x000000004ca40000)]
  0x000000000ef99800 JavaThread "TimerQueue" daemon [_thread_blocked, id=6344, stack(0x000000000fed0000,0x000000000ff50000)]
  0x000000000ef99000 JavaThread "AWT-EventQueue-0" [_thread_blocked, id=6744, stack(0x000000000fd00000,0x000000000fd80000)]
  0x000000000ef98000 JavaThread "AWT-Shutdown" [_thread_blocked, id=8012, stack(0x000000000fb80000,0x000000000fc00000)]
  0x000000000ee72000 JavaThread "FelixPackageAdmin" daemon [_thread_blocked, id=7424, stack(0x0000000010eb0000,0x0000000010f30000)]
  0x000000000ea0d800 JavaThread "FelixStartLevel" daemon [_thread_blocked, id=1196, stack(0x00000000488a0000,0x0000000048920000)]
  0x000000000ea0d000 JavaThread "FelixDispatchQueue" daemon [_thread_blocked, id=4548, stack(0x000000000ff70000,0x000000000fff0000)]
  0x000000000eaaa800 JavaThread "com.google.common.base.internal.Finalizer" daemon [_thread_blocked, id=5340, stack(0x000000000fe20000,0x000000000fea0000)]
  0x000000000ecae800 JavaThread "AWT-Windows" daemon [_thread_in_native, id=6288, stack(0x000000000fc80000,0x000000000fd00000)]
  0x000000000ecad000 JavaThread "Java2D Disposer" daemon [_thread_blocked, id=7592, stack(0x000000000fa60000,0x000000000fae0000)]
  0x000000000e815800 JavaThread "Timer-0" [_thread_blocked, id=5272, stack(0x000000000f750000,0x000000000f7d0000)]
  0x000000000e70b000 JavaThread "EventMgr Dispatcher" daemon [_thread_in_native, id=4868, stack(0x0000000010f60000,0x0000000014f60000)]
  0x000000000cdb0800 JavaThread "Low Memory Detector" daemon [_thread_blocked, id=6616, stack(0x000000000cf00000,0x000000000cf80000)]
  0x000000000cda7000 JavaThread "CompilerThread1" daemon [_thread_blocked, id=7664, stack(0x0000000058e80000,0x000000005ce80000)]
  0x000000000cd9d000 JavaThread "CompilerThread0" daemon [_thread_blocked, id=6684, stack(0x0000000054de0000,0x0000000058de0000)]
  0x000000000cd9b800 JavaThread "Attach Listener" daemon [_thread_blocked, id=5300, stack(0x000000000da80000,0x000000000db00000)]
  0x000000000cd4b800 JavaThread "Finalizer" daemon [_thread_blocked, id=8004, stack(0x000000000d950000,0x000000000d9d0000)]
  0x000000000cd45800 JavaThread "Reference Handler" daemon [_thread_blocked, id=2968, stack(0x000000000d9f0000,0x000000000da70000)]
=>0x00000000053bf800 JavaThread "main" [_thread_in_native, id=6528, stack(0x00000000000b0000,0x00000000040b0000)]

Other Threads:
  0x000000000cd42000 VMThread [stack: 0x0000000050c40000,0x0000000054c40000] [id=1792]
  0x000000000cddb800 WatcherThread [stack: 0x0000000065d70000,0x0000000069d70000] [id=8148]

VM state:not at safepoint (normal execution)

VM Mutex/Monitor currently owned by a thread: None

Heap
 PSYoungGen      total 15680K, used 4505K [0x000000003d490000, 0x000000003e490000, 0x0000000040590000)
  eden space 14976K, 25% used [0x000000003d490000,0x000000003d848cf0,0x000000003e330000)
  from space 704K, 98% used [0x000000003e330000,0x000000003e3dd970,0x000000003e3e0000)
  to   space 704K, 0% used [0x000000003e3e0000,0x000000003e3e0000,0x000000003e490000)
 PSOldGen        total 76416K, used 63214K [0x0000000034190000, 0x0000000038c30000, 0x000000003d490000)
  object space 76416K, 82% used [0x0000000034190000,0x0000000037f4b9f8,0x0000000038c30000)
 PSPermGen       total 118144K, used 67039K [0x000000002c190000, 0x00000000334f0000, 0x0000000034190000)
  object space 118144K, 56% used [0x000000002c190000,0x0000000030307cc8,0x00000000334f0000)

Dynamic libraries:
0x000000013fbf0000 - 0x000000013fc22000 	C:\Program Files\MATLAB\R2012a\bin\win64\MATLAB.exe
0x0000000076d70000 - 0x0000000076f19000 	C:\Windows\SYSTEM32\ntdll.dll
0x0000000076b50000 - 0x0000000076c6f000 	C:\Windows\system32\kernel32.dll
0x000007fefceb0000 - 0x000007fefcf1b000 	C:\Windows\system32\KERNELBASE.dll
0x0000000074460000 - 0x0000000074554000 	C:\Program Files\MATLAB\R2012a\bin\win64\libut.dll
0x00000000758a0000 - 0x0000000075952000 	C:\Program Files\MATLAB\R2012a\bin\win64\libmwi18n.dll
0x0000000180000000 - 0x000000018000b000 	C:\Program Files\MATLAB\R2012a\bin\win64\libmwresource_core.dll
0x00000000742b0000 - 0x0000000074383000 	C:\Windows\WinSxS\amd64_microsoft.vc90.crt_1fc8b3b9a1e18e3b_9.0.30729.6161_none_08e61857a83bc251\MSVCP90.dll
0x0000000074200000 - 0x00000000742a3000 	C:\Windows\WinSxS\amd64_microsoft.vc90.crt_1fc8b3b9a1e18e3b_9.0.30729.6161_none_08e61857a83bc251\MSVCR90.dll
0x000000007a170000 - 0x000000007a19c000 	C:\Program Files\MATLAB\R2012a\bin\win64\boost_filesystem-vc90-mt-1_44.dll
0x000000007a560000 - 0x000000007a569000 	C:\Program Files\MATLAB\R2012a\bin\win64\boost_system-vc90-mt-1_44.dll
0x000007fefe700000 - 0x000007fefe7db000 	C:\Windows\system32\ADVAPI32.dll
0x000007fefe520000 - 0x000007fefe5bf000 	C:\Windows\system32\msvcrt.dll
0x000007fefcf60000 - 0x000007fefcf7f000 	C:\Windows\SYSTEM32\sechost.dll
0x000007fefec70000 - 0x000007fefed9d000 	C:\Windows\system32\RPCRT4.dll
0x000000007a010000 - 0x000000007a035000 	C:\Program Files\MATLAB\R2012a\bin\win64\LIBEXPAT.dll
0x0000000063950000 - 0x0000000063b41000 	C:\Program Files\MATLAB\R2012a\bin\win64\icuin44.dll
0x0000000063bd0000 - 0x0000000063d41000 	C:\Program Files\MATLAB\R2012a\bin\win64\icuuc44.dll
0x0000000010000000 - 0x0000000010e41000 	C:\Program Files\MATLAB\R2012a\bin\win64\icudt44.dll
0x0000000073f70000 - 0x00000000740ad000 	C:\Program Files\MATLAB\R2012a\bin\win64\libmwfl.dll
0x0000000004280000 - 0x0000000004576000 	C:\Program Files\MATLAB\R2012a\bin\win64\libmwMATLAB_res.dll
0x000000007a3b0000 - 0x000000007a3c0000 	C:\Program Files\MATLAB\R2012a\bin\win64\boost_date_time-vc90-mt-1_44.dll
0x000000007a250000 - 0x000000007a263000 	C:\Program Files\MATLAB\R2012a\bin\win64\boost_signals-vc90-mt-1_44.dll
0x000000007a2d0000 - 0x000000007a2e2000 	C:\Program Files\MATLAB\R2012a\bin\win64\boost_thread-vc90-mt-1_44.dll
0x0000000004590000 - 0x00000000045d6000 	C:\Program Files\MATLAB\R2012a\bin\win64\tbb.dll
0x000007fefe5c0000 - 0x000007fefe5d9000 	C:\Windows\system32\imagehlp.dll
0x0000000076f30000 - 0x0000000076f37000 	C:\Windows\system32\PSAPI.DLL
0x0000000065100000 - 0x0000000065113000 	C:\Program Files\MATLAB\R2012a\bin\win64\icuio44.dll
0x000007fef7ce0000 - 0x000007fef7e05000 	C:\Windows\system32\dbghelp.dll
0x0000000076c70000 - 0x0000000076d6a000 	C:\Windows\system32\USER32.dll
0x000007fefd710000 - 0x000007fefd777000 	C:\Windows\system32\GDI32.dll
0x000007feff070000 - 0x000007feff07e000 	C:\Windows\system32\LPK.dll
0x000007fefd190000 - 0x000007fefd259000 	C:\Windows\system32\USP10.dll
0x000000007bed0000 - 0x000000007c183000 	C:\Program Files\MATLAB\R2012a\bin\win64\libmwservices.dll
0x0000000075a20000 - 0x0000000075ae2000 	C:\Program Files\MATLAB\R2012a\bin\win64\libmx.dll
0x000000007a210000 - 0x000000007a228000 	C:\Program Files\MATLAB\R2012a\bin\win64\zlib1.dll
0x0000000004630000 - 0x0000000004651000 	C:\Program Files\MATLAB\R2012a\bin\win64\libmwmfl_scalar.dll
0x0000000075f10000 - 0x0000000075f5d000 	C:\Program Files\MATLAB\R2012a\bin\win64\mpath.dll
0x000000007b680000 - 0x000000007bbe1000 	C:\Program Files\MATLAB\R2012a\bin\win64\mlutil.dll
0x0000000065080000 - 0x00000000650ff000 	C:\Program Files\MATLAB\R2012a\bin\win64\xmlcore.dll
0x000000007bc30000 - 0x000000007be83000 	C:\Program Files\MATLAB\R2012a\bin\win64\xerces-c_2_7.dll
0x000007fefd6c0000 - 0x000007fefd70d000 	C:\Windows\system32\WS2_32.dll
0x000007fefd780000 - 0x000007fefd788000 	C:\Windows\system32\NSI.dll
0x00000000046b0000 - 0x00000000046ca000 	C:\Program Files\MATLAB\R2012a\bin\win64\libmwMATLAB_settings_res.dll
0x00000000046e0000 - 0x0000000004727000 	C:\Program Files\MATLAB\R2012a\bin\win64\boost_serialization-vc90-mt-1_44.dll
0x000007fefd790000 - 0x000007fefe518000 	C:\Windows\system32\SHELL32.dll
0x000007fefd290000 - 0x000007fefd301000 	C:\Windows\system32\SHLWAPI.dll
0x000007fef8da0000 - 0x000007fef8e40000 	C:\Windows\WinSxS\amd64_microsoft.windows.common-controls_6595b64144ccf1df_5.82.7601.18201_none_a4d3b9377117c3df\COMCTL32.dll
0x000007fefefd0000 - 0x000007feff067000 	C:\Windows\system32\COMDLG32.dll
0x000007fefbac0000 - 0x000007fefbad6000 	C:\Windows\system32\NETAPI32.dll
0x000007fefc040000 - 0x000007fefc04c000 	C:\Windows\system32\netutils.dll
0x000007fefc640000 - 0x000007fefc663000 	C:\Windows\system32\srvcli.dll
0x000007fefbae0000 - 0x000007fefbaf5000 	C:\Windows\system32\wkscli.dll
0x000007fefcf80000 - 0x000007fefd183000 	C:\Windows\system32\ole32.dll
0x000007fefd5e0000 - 0x000007fefd6b7000 	C:\Windows\system32\OLEAUT32.dll
0x0000000074970000 - 0x0000000074b06000 	C:\Program Files\MATLAB\R2012a\bin\win64\mcr.dll
0x0000000075000000 - 0x000000007536b000 	C:\Program Files\MATLAB\R2012a\bin\win64\iqm.dll
0x000000005f210000 - 0x000000005fa31000 	C:\Program Files\MATLAB\R2012a\bin\win64\m_interpreter.dll
0x000000006c2f0000 - 0x000000006c315000 	C:\Program Files\MATLAB\R2012a\bin\win64\libmex.dll
0x000000006c230000 - 0x000000006c2e3000 	C:\Program Files\MATLAB\R2012a\bin\win64\m_dispatcher.dll
0x0000000074880000 - 0x000000007496d000 	C:\Program Files\MATLAB\R2012a\bin\win64\boost_regex-vc90-mt-1_44.dll
0x000000006c1a0000 - 0x000000006c224000 	C:\Program Files\MATLAB\R2012a\bin\win64\profiler.dll
0x00000000047b0000 - 0x0000000004a05000 	C:\Program Files\MATLAB\R2012a\bin\win64\libmwmathutil.dll
0x0000000079f40000 - 0x0000000079f6d000 	C:\Program Files\MATLAB\R2012a\bin\win64\libmwmathrng.dll
0x0000000074c10000 - 0x0000000074ced000 	C:\Program Files\MATLAB\R2012a\bin\win64\libmwmathcore.dll
0x0000000076160000 - 0x00000000761cb000 	C:\Program Files\MATLAB\R2012a\bin\win64\libmwspmatrix.dll
0x0000000075ea0000 - 0x0000000075f02000 	C:\Program Files\MATLAB\R2012a\bin\win64\libmwcholmod.dll
0x000000007a460000 - 0x000000007a46d000 	C:\Program Files\MATLAB\R2012a\bin\win64\libmwamd.dll
0x000000007a4b0000 - 0x000000007a4bc000 	C:\Program Files\MATLAB\R2012a\bin\win64\libmwcolamd.dll
0x000000006c180000 - 0x000000006c199000 	C:\Program Files\MATLAB\R2012a\bin\win64\libmwblas.dll
0x000000006c160000 - 0x000000006c172000 	C:\Program Files\MATLAB\R2012a\bin\win64\libmwbinder.dll
0x000000006c500000 - 0x000000006c50b000 	C:\Program Files\MATLAB\R2012a\bin\win64\libmwompwrapper.dll
0x000000006c0d0000 - 0x000000006c156000 	C:\Program Files\MATLAB\R2012a\bin\win64\libmwlapack.dll
0x000000006c0a0000 - 0x000000006c0c1000 	C:\Program Files\MATLAB\R2012a\bin\win64\m_pcodeio.dll
0x0000000079b10000 - 0x0000000079b77000 	C:\Program Files\MATLAB\R2012a\bin\win64\m_ir.dll
0x000000005fc20000 - 0x0000000060270000 	C:\Program Files\MATLAB\R2012a\bin\win64\m_parser.dll
0x000000006c080000 - 0x000000006c09a000 	C:\Program Files\MATLAB\R2012a\bin\win64\ir_xfmr.dll
0x00000000636d0000 - 0x0000000063949000 	C:\Program Files\MATLAB\R2012a\bin\win64\mcos.dll
0x000000006c070000 - 0x000000006c07c000 	C:\Program Files\MATLAB\R2012a\bin\win64\mtok.dll
0x000000006c030000 - 0x000000006c061000 	C:\Program Files\MATLAB\R2012a\bin\win64\m_pcodegen.dll
0x0000000079fb0000 - 0x0000000079fe7000 	C:\Program Files\MATLAB\R2012a\bin\win64\libmwbridge.dll
0x000000006ad30000 - 0x000000006adf8000 	C:\Program Files\MATLAB\R2012a\bin\win64\udd.dll
0x000000006abd0000 - 0x000000006ad22000 	C:\Program Files\MATLAB\R2012a\bin\win64\libmwgui.dll
0x000000006aff0000 - 0x000000006b007000 	C:\Program Files\MATLAB\R2012a\bin\win64\graphics_util.dll
0x000000005e860000 - 0x000000005f203000 	C:\Program Files\MATLAB\R2012a\bin\win64\hg.dll
0x0000000004b80000 - 0x0000000004be7000 	C:\Program Files\MATLAB\R2012a\bin\win64\libmat.dll
0x0000000072d30000 - 0x0000000072f44000 	C:\Program Files\MATLAB\R2012a\bin\win64\hdf5dll.dll
0x0000000075710000 - 0x00000000757c1000 	C:\Program Files\MATLAB\R2012a\bin\win64\jmi.dll
0x0000000004c20000 - 0x0000000004c2e000 	C:\Program Files\MATLAB\R2012a\bin\win64\nativejava_services.dll
0x0000000065030000 - 0x0000000065072000 	C:\Program Files\MATLAB\R2012a\bin\win64\libmwhardcopy.dll
0x0000000063b70000 - 0x0000000063bca000 	C:\Program Files\MATLAB\R2012a\bin\win64\libuij.dll
0x00000000634c0000 - 0x00000000636cc000 	C:\Program Files\MATLAB\R2012a\bin\win64\hgdatatypes.dll
0x00000000633c0000 - 0x00000000634bd000 	C:\Program Files\MATLAB\R2012a\bin\win64\hgutils.dll
0x000000005fb60000 - 0x000000005fc1d000 	C:\Program Files\MATLAB\R2012a\bin\win64\udd_mi.dll
0x0000000004c90000 - 0x0000000004ccb000 	C:\Program Files\MATLAB\R2012a\bin\win64\libmwgbtutils.dll
0x0000000004ce0000 - 0x0000000004cf9000 	C:\Program Files\MATLAB\R2012a\bin\win64\libmwgbt.dll
0x0000000004d10000 - 0x0000000004fda000 	C:\Program Files\MATLAB\R2012a\bin\win64\uiw.dll
0x000000006c020000 - 0x000000006c02f000 	C:\Program Files\MATLAB\R2012a\bin\win64\uinone.dll
0x000007fef89b0000 - 0x000007fef89c8000 	C:\Windows\system32\MPR.dll
0x000000005e370000 - 0x000000005e854000 	C:\Windows\WinSxS\amd64_microsoft.vc90.mfc_1fc8b3b9a1e18e3b_9.0.30729.6161_none_044aad0bab1eb146\mfc90.dll
0x000007fefa270000 - 0x000007fefa277000 	C:\Windows\system32\MSIMG32.dll
0x000007fefa1f0000 - 0x000007fefa261000 	C:\Windows\system32\WINSPOOL.DRV
0x0000000065180000 - 0x00000000651a0000 	C:\Program Files\MATLAB\R2012a\bin\win64\mwoles05.DLL
0x000000005fae0000 - 0x000000005fb5c000 	C:\Program Files\MATLAB\R2012a\bin\win64\comcli.dll
0x0000000063390000 - 0x00000000633bf000 	C:\Windows\WinSxS\amd64_microsoft.vc90.atl_1fc8b3b9a1e18e3b_9.0.30729.6161_none_0a1fd3a3a768b895\ATL90.DLL
0x000000006afe0000 - 0x000000006afec000 	C:\Program Files\MATLAB\R2012a\bin\win64\mlautoregister.dll
0x0000000005030000 - 0x0000000005040000 	C:\Program Files\MATLAB\R2012a\bin\win64\boost_iostreams-vc90-mt-1_44.dll
0x000007fefd260000 - 0x000007fefd28e000 	C:\Windows\system32\IMM32.DLL
0x000007fefd4d0000 - 0x000007fefd5d9000 	C:\Windows\system32\MSCTF.dll
0x000007fefadf0000 - 0x000007fefae46000 	C:\Windows\system32\UxTheme.dll
0x000007fefa6f0000 - 0x000007fefa708000 	C:\Windows\system32\dwmapi.dll
0x000000006abc0000 - 0x000000006abcd000 	C:\Windows\WinSxS\amd64_microsoft.vc90.mfcloc_1fc8b3b9a1e18e3b_9.0.30729.6161_none_01c9581e60cbee58\MFC90ENU.DLL
0x00000000052c0000 - 0x00000000052e9000 	C:\Program Files\MATLAB\R2012a\bin\win64\tbbmalloc.dll
0x0000000078870000 - 0x0000000078ecd000 	C:\Program Files\MATLAB\R2012a\sys\java\jre\win64\jre\bin\server\jvm.dll
0x000007fefa880000 - 0x000007fefa8bb000 	C:\Windows\system32\WINMM.dll
0x000007fefcb30000 - 0x000007fefcb3f000 	C:\Windows\system32\profapi.dll
0x000007fef9b90000 - 0x000007fef9bb7000 	C:\Windows\system32\iphlpapi.dll
0x000007fef9b30000 - 0x000007fef9b3b000 	C:\Windows\system32\WINNSI.DLL
0x000007fefc1c0000 - 0x000007fefc21b000 	C:\Windows\system32\DNSAPI.dll
0x000007fef9a20000 - 0x000007fef9a38000 	C:\Windows\system32\dhcpcsvc.DLL
0x000007fef93e0000 - 0x000007fef93f1000 	C:\Windows\system32\dhcpcsvc6.DLL
0x0000000065b90000 - 0x0000000065b93000 	C:\Windows\system32\icmp.Dll
0x000007fefca20000 - 0x000007fefca2f000 	C:\Windows\system32\CRYPTBASE.dll
0x000007fefcf20000 - 0x000007fefcf56000 	C:\Windows\system32\CFGMGR32.dll
0x000000007a440000 - 0x000000007a44e000 	C:\Program Files\MATLAB\R2012a\sys\java\jre\win64\jre\bin\verify.dll
0x000000007a070000 - 0x000000007a097000 	C:\Program Files\MATLAB\R2012a\sys\java\jre\win64\jre\bin\java.dll
0x000000007a540000 - 0x000000007a54a000 	C:\Program Files\MATLAB\R2012a\sys\java\jre\win64\jre\bin\hpi.dll
0x000000007a370000 - 0x000000007a382000 	C:\Program Files\MATLAB\R2012a\sys\java\jre\win64\jre\bin\zip.dll

VM Arguments:
jvm_args: -Xss512k -XX:PermSize=32m -Xms64m -XX:NewRatio=3 -XX:MaxPermSize=128m -Xmx196m -XX:MaxDirectMemorySize=2147400000 -Dsun.java2d.noddraw=true -Dsun.awt.nopixfmt=true -Xshare:off -Xrs -Dsun.awt.disableMixing=true -Djava.library.path=C:\Program Files\MATLAB\R2012a\bin\win64 vfprintf abort 
java_command: <unknown>
Launcher Type: generic

Environment Variables:
CLASSPATH=.;C:\Program Files (x86)\Java\jre6\lib\ext\QTJava.zip
PATH=C:\Program Files\Common Files\Microsoft Shared\Windows Live;C:\Program Files (x86)\Common Files\Microsoft Shared\Windows Live;C:\Windows\system32;C:\Windows;C:\Windows\System32\Wbem;C:\Windows\System32\WindowsPowerShell\v1.0\;C:\Program Files\ThinkPad\Bluetooth Software\;C:\Program Files\ThinkPad\Bluetooth Software\syswow64;C:\Program Files (x86)\ATI Technologies\ATI.ACE\Core-Static;C:\Program Files\Intel\WiFi\bin\;C:\Program Files\Common Files\Intel\WirelessCommon\;C:\Program Files (x86)\Common Files\Lenovo;C:\Program Files (x86)\Common Files\Ulead Systems\MPEG;C:\Program Files (x86)\Lenovo\Access Connections\;C:\Program Files (x86)\Windows Live\Shared;C:\Program Files\Common Files\Lenovo;C:\Program Files (x86)\Lenovo\Client Security Solution;C:\Program Files\Lenovo\Client Security Solution;C:\Program Files (x86)\QuickTime\QTSystem\;C:\Program Files\MATLAB\R2012a\runtime\win64;C:\Program Files\MATLAB\R2012a\bin;C:\Program Files (x86)\PharosSystems\Core;C:\Program Files (x86)\MySQL\MySQL Utilities 1.3.6\
USERNAME=BHEL
OS=Windows_NT
PROCESSOR_IDENTIFIER=Intel64 Family 6 Model 37 Stepping 5, GenuineIntel



---------------  S Y S T E M  ---------------

OS: Windows 7 Build 7601 Service Pack 1

CPU:total 4 (8 cores per cpu, 2 threads per core) family 6 model 37 stepping 5, cmov, cx8, fxsr, mmx, sse, sse2, sse3, ssse3, sse4.1, sse4.2, ht

Memory: 4k page, physical 4051412k(922760k free), swap 8100960k(2557744k free)

vm_info: Java HotSpot(TM) 64-Bit Server VM (14.3-b01) for windows-amd64 JRE (1.6.0_17-b04), built on Oct 11 2009 00:46:08 by "java_re" with MS VC++ 8.0

time: Mon May 05 17:58:15 2014
elapsed time: 47692 seconds

